GROUP,PACKAGE,CLASS,INSTRUCTION_MISSED,INSTRUCTION_COVERED,BRANCH_MISSED,BRANCH_COVERED,LINE_MISSED,LINE_COVERED,COMPLEXITY_MISSED,COMPLEXITY_COVERED,METHOD_MISSED,METHOD_COVERED
hellocucumber,hellocucumber,VarausPalvelu,4,221,3,41,1,36,3,26,0,7
hellocucumber,hellocucumber,Kayttaja,0,15,0,0,0,6,0,1,0,1
hellocucumber,hellocucumber,LoginKirjautuminen,0,15,0,4,0,4,0,4,0,2
hellocucumber,hellocucumber,Varaus,0,24,0,0,0,9,0,3,0,3
hellocucumber,hellocucumber,RekisterointiPalvelu,0,83,4,14,0,18,4,7,0,2
