<?xml version="1.0" encoding="UTF-8"?>
<testsuite xmlns:xsi="http://www.w3.org/2001/XMLSchema-instance" xsi:noNamespaceSchemaLocation="https://maven.apache.org/surefire/maven-surefire-plugin/xsd/surefire-test-report.xsd" version="3.0.2" name="hellocucumber.RunCucumberTest" time="0.672" tests="3" errors="0" skipped="0" failures="0">
  <properties>
[...]
</properties>
  <testcase name="An example - The example" classname="RunCucumberTest" time="0.259">
    <system-out><![CDATA[
&amp#27;[1mScenario:&amp#27;[22m The example                         &amp#27;[90m# classpath:hellocucumber/example.feature:3&amp#27;[39m
  &amp#27;[32m✔&amp#27;[39m &amp#27;[32m&amp#27;[1mGiven &amp#27;[22man example scenario&amp#27;[39m                 &amp#27;[90m# hellocucumber.StepDefinitions.anExampleScenario()&amp#27;[39m
  &amp#27;[32m✔&amp#27;[39m &amp#27;[32m&amp#27;[1mWhen &amp#27;[22mall step definitions are implemented&amp#27;[39m &amp#27;[90m# hellocucumber.StepDefinitions.allStepDefinitionsAreImplemented()&amp#27;[39m
  &amp#27;[32m✔&amp#27;[39m &amp#27;[32m&amp#27;[1mThen &amp#27;[22mthe scenario passes&amp#27;[39m                  &amp#27;[90m# hellocucumber.StepDefinitions.theScenarioPasses()&amp#27;[39m
]]></system-out>
  </testcase>
  <testcase name="Huonevaraus - uuden varauksen tekeminen - Examples - Example #1.1" classname="RunCucumberTest" time="0.045">
    <system-out><![CDATA[
&amp#27;[1mScenario Outline:&amp#27;[22m uuden varauksen tekeminen                                                              &amp#27;[90m# classpath:hellocucumber/varaus.feature:13&amp#27;[39m
  &amp#27;[32m✔&amp#27;[39m &amp#27;[32m&amp#27;[1mGiven &amp#27;[22mkayttaja on varaussivulla&amp#27;[39m                                                                      &amp#27;[90m# hellocucumber.StepDefinitions.kayttaja_on_varaussivulla()&amp#27;[39m
  &amp#27;[32m✔&amp#27;[39m &amp#27;[32m&amp#27;[1mWhen &amp#27;[22mkayttaja valitsee &amp#27;[1m"A101"&amp#27;[22m ja varauksen &amp#27;[1m"10:00-11:00"&amp#27;[22m&amp#27;[39m                                             &amp#27;[90m# hellocucumber.StepDefinitions.kayttaja_valitsee_ja_varauksen(java.lang.String,java.lang.String)&amp#27;[39m
  &amp#27;[32m✔&amp#27;[39m &amp#27;[32m&amp#27;[1mAnd &amp#27;[22m&amp#27;[1m"A101"&amp#27;[22m on &amp#27;[1m"vapaa"&amp#27;[22m kayttaajan valitsemana aikana &amp#27;[1m"10:00-11:00"&amp#27;[22m, kayttaja klikkaa varauspainiketta&amp#27;[39m &amp#27;[90m# hellocucumber.StepDefinitions.huone_on_tilassa(java.lang.String,java.lang.String,java.lang.String)&amp#27;[39m
  &amp#27;[32m✔&amp#27;[39m &amp#27;[32m&amp#27;[1mThen &amp#27;[22mkayttajalle naytetaan viesti &amp#27;[1m"Varaus onnistui"&amp#27;[22m&amp#27;[39m                                                  &amp#27;[90m# hellocucumber.StepDefinitions.kayttajalle_naytetaan_viesti(java.lang.String)&amp#27;[39m
]]></system-out>
  </testcase>
  <testcase name="Huonevaraus - uuden varauksen tekeminen - Examples - Example #1.2" classname="RunCucumberTest" time="0.018">
    <system-out><![CDATA[
&amp#27;[1mScenario Outline:&amp#27;[22m uuden varauksen tekeminen                                                                &amp#27;[90m# classpath:hellocucumber/varaus.feature:14&amp#27;[39m
  &amp#27;[32m✔&amp#27;[39m &amp#27;[32m&amp#27;[1mGiven &amp#27;[22mkayttaja on varaussivulla&amp#27;[39m                                                                        &amp#27;[90m# hellocucumber.StepDefinitions.kayttaja_on_varaussivulla()&amp#27;[39m
  &amp#27;[32m✔&amp#27;[39m &amp#27;[32m&amp#27;[1mWhen &amp#27;[22mkayttaja valitsee &amp#27;[1m"A101"&amp#27;[22m ja varauksen &amp#27;[1m"10:00-11:00"&amp#27;[22m&amp#27;[39m                                               &amp#27;[90m# hellocucumber.StepDefinitions.kayttaja_valitsee_ja_varauksen(java.lang.String,java.lang.String)&amp#27;[39m
  &amp#27;[32m✔&amp#27;[39m &amp#27;[32m&amp#27;[1mAnd &amp#27;[22m&amp#27;[1m"A101"&amp#27;[22m on &amp#27;[1m"varattu"&amp#27;[22m kayttaajan valitsemana aikana &amp#27;[1m"10:00-11:00"&amp#27;[22m, kayttaja klikkaa varauspainiketta&amp#27;[39m &amp#27;[90m# hellocucumber.StepDefinitions.huone_on_tilassa(java.lang.String,java.lang.String,java.lang.String)&amp#27;[39m
  &amp#27;[32m✔&amp#27;[39m &amp#27;[32m&amp#27;[1mThen &amp#27;[22mkayttajalle naytetaan viesti &amp#27;[1m"Huone ei ole vapaa"&amp#27;[22m&amp#27;[39m                                                 &amp#27;[90m# hellocucumber.StepDefinitions.kayttajalle_naytetaan_viesti(java.lang.String)&amp#27;[39m
]]></system-out>
  </testcase>
</testsuite>