<?xml version="1.0" encoding="UTF-8"?>
<testsuite xmlns:xsi="http://www.w3.org/2001/XMLSchema-instance" xsi:noNamespaceSchemaLocation="https://maven.apache.org/surefire/maven-surefire-plugin/xsd/surefire-test-report.xsd" version="3.0.2" name="hellocucumber.RunCucumberTest" time="1.293" tests="26" errors="0" skipped="0" failures="0">
  <properties>
[...]
</properties>
  <testcase name="Sisaankirjautuminen - Kirjautuminen kayttajatunnuksella ja salasanalla - Examples - Example #1.1" classname="RunCucumberTest" time="0.352">
    <system-out><![CDATA[
&amp#27;[1mScenario Outline:&amp#27;[22m Kirjautuminen kayttajatunnuksella ja salasanalla &amp#27;[90m# classpath:hellocucumber/login.feature:13&amp#27;[39m
  &amp#27;[32m✔&amp#27;[39m &amp#27;[32m&amp#27;[1mGiven &amp#27;[22mkayttaja on kirjautumissivulla&amp#27;[39m                           &amp#27;[90m# hellocucumber.steps.LoginSteps.kayttaja_on_kirjautumissivulla()&amp#27;[39m
  &amp#27;[32m✔&amp#27;[39m &amp#27;[32m&amp#27;[1mWhen &amp#27;[22mkayttaja kirjoittaa &amp#27;[1m"kayttaja"&amp#27;[22m ja &amp#27;[1m"salasana"&amp#27;[22m&amp#27;[39m              &amp#27;[90m# hellocucumber.steps.LoginSteps.kayttaja_kirjoittaa_ja(java.lang.String,java.lang.String)&amp#27;[39m
  &amp#27;[32m✔&amp#27;[39m &amp#27;[32m&amp#27;[1mAnd &amp#27;[22mkayttaja klikkaa kirjautumispainiketta&amp#27;[39m                     &amp#27;[90m# hellocucumber.steps.LoginSteps.kayttaja_klikkaa_kirjautumispainiketta()&amp#27;[39m
  &amp#27;[32m✔&amp#27;[39m &amp#27;[32m&amp#27;[1mThen &amp#27;[22mkayttajalle naytetaan viesti &amp#27;[1m"Tervetuloa, kayttaja!"&amp#27;[22m&amp#27;[39m      &amp#27;[90m# hellocucumber.steps.CommonSteps.kayttajalle_naytetaan_viesti(java.lang.String)&amp#27;[39m
]]></system-out>
  </testcase>
  <testcase name="Sisaankirjautuminen - Kirjautuminen kayttajatunnuksella ja salasanalla - Examples - Example #1.2" classname="RunCucumberTest" time="0.023">
    <system-out><![CDATA[
&amp#27;[1mScenario Outline:&amp#27;[22m Kirjautuminen kayttajatunnuksella ja salasanalla             &amp#27;[90m# classpath:hellocucumber/login.feature:14&amp#27;[39m
  &amp#27;[32m✔&amp#27;[39m &amp#27;[32m&amp#27;[1mGiven &amp#27;[22mkayttaja on kirjautumissivulla&amp#27;[39m                                       &amp#27;[90m# hellocucumber.steps.LoginSteps.kayttaja_on_kirjautumissivulla()&amp#27;[39m
  &amp#27;[32m✔&amp#27;[39m &amp#27;[32m&amp#27;[1mWhen &amp#27;[22mkayttaja kirjoittaa &amp#27;[1m""&amp#27;[22m ja &amp#27;[1m"salasana"&amp#27;[22m&amp#27;[39m                                  &amp#27;[90m# hellocucumber.steps.LoginSteps.kayttaja_kirjoittaa_ja(java.lang.String,java.lang.String)&amp#27;[39m
  &amp#27;[32m✔&amp#27;[39m &amp#27;[32m&amp#27;[1mAnd &amp#27;[22mkayttaja klikkaa kirjautumispainiketta&amp#27;[39m                                 &amp#27;[90m# hellocucumber.steps.LoginSteps.kayttaja_klikkaa_kirjautumispainiketta()&amp#27;[39m
  &amp#27;[32m✔&amp#27;[39m &amp#27;[32m&amp#27;[1mThen &amp#27;[22mkayttajalle naytetaan viesti &amp#27;[1m"Virheellinen kayttajanimi tai salasana"&amp#27;[22m&amp#27;[39m &amp#27;[90m# hellocucumber.steps.CommonSteps.kayttajalle_naytetaan_viesti(java.lang.String)&amp#27;[39m
]]></system-out>
  </testcase>
  <testcase name="Sisaankirjautuminen - Kirjautuminen kayttajatunnuksella ja salasanalla - Examples - Example #1.3" classname="RunCucumberTest" time="0.018">
    <system-out><![CDATA[
&amp#27;[1mScenario Outline:&amp#27;[22m Kirjautuminen kayttajatunnuksella ja salasanalla             &amp#27;[90m# classpath:hellocucumber/login.feature:15&amp#27;[39m
  &amp#27;[32m✔&amp#27;[39m &amp#27;[32m&amp#27;[1mGiven &amp#27;[22mkayttaja on kirjautumissivulla&amp#27;[39m                                       &amp#27;[90m# hellocucumber.steps.LoginSteps.kayttaja_on_kirjautumissivulla()&amp#27;[39m
  &amp#27;[32m✔&amp#27;[39m &amp#27;[32m&amp#27;[1mWhen &amp#27;[22mkayttaja kirjoittaa &amp#27;[1m"kayttaja"&amp#27;[22m ja &amp#27;[1m""&amp#27;[22m&amp#27;[39m                                  &amp#27;[90m# hellocucumber.steps.LoginSteps.kayttaja_kirjoittaa_ja(java.lang.String,java.lang.String)&amp#27;[39m
  &amp#27;[32m✔&amp#27;[39m &amp#27;[32m&amp#27;[1mAnd &amp#27;[22mkayttaja klikkaa kirjautumispainiketta&amp#27;[39m                                 &amp#27;[90m# hellocucumber.steps.LoginSteps.kayttaja_klikkaa_kirjautumispainiketta()&amp#27;[39m
  &amp#27;[32m✔&amp#27;[39m &amp#27;[32m&amp#27;[1mThen &amp#27;[22mkayttajalle naytetaan viesti &amp#27;[1m"Virheellinen kayttajanimi tai salasana"&amp#27;[22m&amp#27;[39m &amp#27;[90m# hellocucumber.steps.CommonSteps.kayttajalle_naytetaan_viesti(java.lang.String)&amp#27;[39m
]]></system-out>
  </testcase>
  <testcase name="Sisaankirjautuminen - Kirjautuminen kayttajatunnuksella ja salasanalla - Examples - Example #1.4" classname="RunCucumberTest" time="0.021">
    <system-out><![CDATA[
&amp#27;[1mScenario Outline:&amp#27;[22m Kirjautuminen kayttajatunnuksella ja salasanalla             &amp#27;[90m# classpath:hellocucumber/login.feature:16&amp#27;[39m
  &amp#27;[32m✔&amp#27;[39m &amp#27;[32m&amp#27;[1mGiven &amp#27;[22mkayttaja on kirjautumissivulla&amp#27;[39m                                       &amp#27;[90m# hellocucumber.steps.LoginSteps.kayttaja_on_kirjautumissivulla()&amp#27;[39m
  &amp#27;[32m✔&amp#27;[39m &amp#27;[32m&amp#27;[1mWhen &amp#27;[22mkayttaja kirjoittaa &amp#27;[1m"kayt"&amp#27;[22m ja &amp#27;[1m"salasana"&amp#27;[22m&amp#27;[39m                              &amp#27;[90m# hellocucumber.steps.LoginSteps.kayttaja_kirjoittaa_ja(java.lang.String,java.lang.String)&amp#27;[39m
  &amp#27;[32m✔&amp#27;[39m &amp#27;[32m&amp#27;[1mAnd &amp#27;[22mkayttaja klikkaa kirjautumispainiketta&amp#27;[39m                                 &amp#27;[90m# hellocucumber.steps.LoginSteps.kayttaja_klikkaa_kirjautumispainiketta()&amp#27;[39m
  &amp#27;[32m✔&amp#27;[39m &amp#27;[32m&amp#27;[1mThen &amp#27;[22mkayttajalle naytetaan viesti &amp#27;[1m"Virheellinen kayttajanimi tai salasana"&amp#27;[22m&amp#27;[39m &amp#27;[90m# hellocucumber.steps.CommonSteps.kayttajalle_naytetaan_viesti(java.lang.String)&amp#27;[39m
]]></system-out>
  </testcase>
  <testcase name="Sisaankirjautuminen - Kirjautuminen kayttajatunnuksella ja salasanalla - Examples - Example #1.5" classname="RunCucumberTest" time="0.03">
    <system-out><![CDATA[
&amp#27;[1mScenario Outline:&amp#27;[22m Kirjautuminen kayttajatunnuksella ja salasanalla             &amp#27;[90m# classpath:hellocucumber/login.feature:17&amp#27;[39m
  &amp#27;[32m✔&amp#27;[39m &amp#27;[32m&amp#27;[1mGiven &amp#27;[22mkayttaja on kirjautumissivulla&amp#27;[39m                                       &amp#27;[90m# hellocucumber.steps.LoginSteps.kayttaja_on_kirjautumissivulla()&amp#27;[39m
  &amp#27;[32m✔&amp#27;[39m &amp#27;[32m&amp#27;[1mWhen &amp#27;[22mkayttaja kirjoittaa &amp#27;[1m"kayttaja"&amp#27;[22m ja &amp#27;[1m"salsa"&amp#27;[22m&amp#27;[39m                             &amp#27;[90m# hellocucumber.steps.LoginSteps.kayttaja_kirjoittaa_ja(java.lang.String,java.lang.String)&amp#27;[39m
  &amp#27;[32m✔&amp#27;[39m &amp#27;[32m&amp#27;[1mAnd &amp#27;[22mkayttaja klikkaa kirjautumispainiketta&amp#27;[39m                                 &amp#27;[90m# hellocucumber.steps.LoginSteps.kayttaja_klikkaa_kirjautumispainiketta()&amp#27;[39m
  &amp#27;[32m✔&amp#27;[39m &amp#27;[32m&amp#27;[1mThen &amp#27;[22mkayttajalle naytetaan viesti &amp#27;[1m"Virheellinen kayttajanimi tai salasana"&amp#27;[22m&amp#27;[39m &amp#27;[90m# hellocucumber.steps.CommonSteps.kayttajalle_naytetaan_viesti(java.lang.String)&amp#27;[39m
]]></system-out>
  </testcase>
  <testcase name="Sisaankirjautuminen - Kirjautuminen kayttajatunnuksella ja salasanalla - Examples - Example #1.6" classname="RunCucumberTest" time="0.018">
    <system-out><![CDATA[
&amp#27;[1mScenario Outline:&amp#27;[22m Kirjautuminen kayttajatunnuksella ja salasanalla             &amp#27;[90m# classpath:hellocucumber/login.feature:18&amp#27;[39m
  &amp#27;[32m✔&amp#27;[39m &amp#27;[32m&amp#27;[1mGiven &amp#27;[22mkayttaja on kirjautumissivulla&amp#27;[39m                                       &amp#27;[90m# hellocucumber.steps.LoginSteps.kayttaja_on_kirjautumissivulla()&amp#27;[39m
  &amp#27;[32m✔&amp#27;[39m &amp#27;[32m&amp#27;[1mWhen &amp#27;[22mkayttaja kirjoittaa &amp#27;[1m"kayttaja"&amp#27;[22m ja &amp#27;[1m"sssalasana"&amp#27;[22m&amp#27;[39m                        &amp#27;[90m# hellocucumber.steps.LoginSteps.kayttaja_kirjoittaa_ja(java.lang.String,java.lang.String)&amp#27;[39m
  &amp#27;[32m✔&amp#27;[39m &amp#27;[32m&amp#27;[1mAnd &amp#27;[22mkayttaja klikkaa kirjautumispainiketta&amp#27;[39m                                 &amp#27;[90m# hellocucumber.steps.LoginSteps.kayttaja_klikkaa_kirjautumispainiketta()&amp#27;[39m
  &amp#27;[32m✔&amp#27;[39m &amp#27;[32m&amp#27;[1mThen &amp#27;[22mkayttajalle naytetaan viesti &amp#27;[1m"Virheellinen kayttajanimi tai salasana"&amp#27;[22m&amp#27;[39m &amp#27;[90m# hellocucumber.steps.CommonSteps.kayttajalle_naytetaan_viesti(java.lang.String)&amp#27;[39m
]]></system-out>
  </testcase>
  <testcase name="Sisaankirjautuminen - Kirjautuminen kayttajatunnuksella ja salasanalla - Examples - Example #1.7" classname="RunCucumberTest" time="0.013">
    <system-out><![CDATA[
&amp#27;[1mScenario Outline:&amp#27;[22m Kirjautuminen kayttajatunnuksella ja salasanalla             &amp#27;[90m# classpath:hellocucumber/login.feature:19&amp#27;[39m
  &amp#27;[32m✔&amp#27;[39m &amp#27;[32m&amp#27;[1mGiven &amp#27;[22mkayttaja on kirjautumissivulla&amp#27;[39m                                       &amp#27;[90m# hellocucumber.steps.LoginSteps.kayttaja_on_kirjautumissivulla()&amp#27;[39m
  &amp#27;[32m✔&amp#27;[39m &amp#27;[32m&amp#27;[1mWhen &amp#27;[22mkayttaja kirjoittaa &amp#27;[1m"kkkkayttaja"&amp#27;[22m ja &amp#27;[1m"salasana"&amp#27;[22m&amp#27;[39m                       &amp#27;[90m# hellocucumber.steps.LoginSteps.kayttaja_kirjoittaa_ja(java.lang.String,java.lang.String)&amp#27;[39m
  &amp#27;[32m✔&amp#27;[39m &amp#27;[32m&amp#27;[1mAnd &amp#27;[22mkayttaja klikkaa kirjautumispainiketta&amp#27;[39m                                 &amp#27;[90m# hellocucumber.steps.LoginSteps.kayttaja_klikkaa_kirjautumispainiketta()&amp#27;[39m
  &amp#27;[32m✔&amp#27;[39m &amp#27;[32m&amp#27;[1mThen &amp#27;[22mkayttajalle naytetaan viesti &amp#27;[1m"Virheellinen kayttajanimi tai salasana"&amp#27;[22m&amp#27;[39m &amp#27;[90m# hellocucumber.steps.CommonSteps.kayttajalle_naytetaan_viesti(java.lang.String)&amp#27;[39m
]]></system-out>
  </testcase>
  <testcase name="Sisaankirjautuminen - Kirjautuminen kayttajatunnuksella ja salasanalla - Examples - Example #1.8" classname="RunCucumberTest" time="0.017">
    <system-out><![CDATA[
&amp#27;[1mScenario Outline:&amp#27;[22m Kirjautuminen kayttajatunnuksella ja salasanalla             &amp#27;[90m# classpath:hellocucumber/login.feature:20&amp#27;[39m
  &amp#27;[32m✔&amp#27;[39m &amp#27;[32m&amp#27;[1mGiven &amp#27;[22mkayttaja on kirjautumissivulla&amp#27;[39m                                       &amp#27;[90m# hellocucumber.steps.LoginSteps.kayttaja_on_kirjautumissivulla()&amp#27;[39m
  &amp#27;[32m✔&amp#27;[39m &amp#27;[32m&amp#27;[1mWhen &amp#27;[22mkayttaja kirjoittaa &amp#27;[1m"ayttajaa"&amp#27;[22m ja &amp#27;[1m"alasanas"&amp#27;[22m&amp#27;[39m                          &amp#27;[90m# hellocucumber.steps.LoginSteps.kayttaja_kirjoittaa_ja(java.lang.String,java.lang.String)&amp#27;[39m
  &amp#27;[32m✔&amp#27;[39m &amp#27;[32m&amp#27;[1mAnd &amp#27;[22mkayttaja klikkaa kirjautumispainiketta&amp#27;[39m                                 &amp#27;[90m# hellocucumber.steps.LoginSteps.kayttaja_klikkaa_kirjautumispainiketta()&amp#27;[39m
  &amp#27;[32m✔&amp#27;[39m &amp#27;[32m&amp#27;[1mThen &amp#27;[22mkayttajalle naytetaan viesti &amp#27;[1m"Virheellinen kayttajanimi tai salasana"&amp#27;[22m&amp#27;[39m &amp#27;[90m# hellocucumber.steps.CommonSteps.kayttajalle_naytetaan_viesti(java.lang.String)&amp#27;[39m
]]></system-out>
  </testcase>
  <testcase name="Sisaankirjautuminen - Kirjautuminen kayttajatunnuksella ja salasanalla - Examples - Example #1.9" classname="RunCucumberTest" time="0.018">
    <system-out><![CDATA[
&amp#27;[1mScenario Outline:&amp#27;[22m Kirjautuminen kayttajatunnuksella ja salasanalla             &amp#27;[90m# classpath:hellocucumber/login.feature:21&amp#27;[39m
  &amp#27;[32m✔&amp#27;[39m &amp#27;[32m&amp#27;[1mGiven &amp#27;[22mkayttaja on kirjautumissivulla&amp#27;[39m                                       &amp#27;[90m# hellocucumber.steps.LoginSteps.kayttaja_on_kirjautumissivulla()&amp#27;[39m
  &amp#27;[32m✔&amp#27;[39m &amp#27;[32m&amp#27;[1mWhen &amp#27;[22mkayttaja kirjoittaa &amp#27;[1m""&amp#27;[22m ja &amp#27;[1m""&amp#27;[22m&amp#27;[39m                                          &amp#27;[90m# hellocucumber.steps.LoginSteps.kayttaja_kirjoittaa_ja(java.lang.String,java.lang.String)&amp#27;[39m
  &amp#27;[32m✔&amp#27;[39m &amp#27;[32m&amp#27;[1mAnd &amp#27;[22mkayttaja klikkaa kirjautumispainiketta&amp#27;[39m                                 &amp#27;[90m# hellocucumber.steps.LoginSteps.kayttaja_klikkaa_kirjautumispainiketta()&amp#27;[39m
  &amp#27;[32m✔&amp#27;[39m &amp#27;[32m&amp#27;[1mThen &amp#27;[22mkayttajalle naytetaan viesti &amp#27;[1m"Virheellinen kayttajanimi tai salasana"&amp#27;[22m&amp#27;[39m &amp#27;[90m# hellocucumber.steps.CommonSteps.kayttajalle_naytetaan_viesti(java.lang.String)&amp#27;[39m
]]></system-out>
  </testcase>
  <testcase name="Sisaankirjautuminen - Kirjautuminen kayttajatunnuksella ja salasanalla - Examples - Example #1.10" classname="RunCucumberTest" time="0.022">
    <system-out><![CDATA[
&amp#27;[1mScenario Outline:&amp#27;[22m Kirjautuminen kayttajatunnuksella ja salasanalla             &amp#27;[90m# classpath:hellocucumber/login.feature:22&amp#27;[39m
  &amp#27;[32m✔&amp#27;[39m &amp#27;[32m&amp#27;[1mGiven &amp#27;[22mkayttaja on kirjautumissivulla&amp#27;[39m                                       &amp#27;[90m# hellocucumber.steps.LoginSteps.kayttaja_on_kirjautumissivulla()&amp#27;[39m
  &amp#27;[32m✔&amp#27;[39m &amp#27;[32m&amp#27;[1mWhen &amp#27;[22mkayttaja kirjoittaa &amp#27;[1m"yttis"&amp#27;[22m ja &amp#27;[1m""&amp#27;[22m&amp#27;[39m                                     &amp#27;[90m# hellocucumber.steps.LoginSteps.kayttaja_kirjoittaa_ja(java.lang.String,java.lang.String)&amp#27;[39m
  &amp#27;[32m✔&amp#27;[39m &amp#27;[32m&amp#27;[1mAnd &amp#27;[22mkayttaja klikkaa kirjautumispainiketta&amp#27;[39m                                 &amp#27;[90m# hellocucumber.steps.LoginSteps.kayttaja_klikkaa_kirjautumispainiketta()&amp#27;[39m
  &amp#27;[32m✔&amp#27;[39m &amp#27;[32m&amp#27;[1mThen &amp#27;[22mkayttajalle naytetaan viesti &amp#27;[1m"Virheellinen kayttajanimi tai salasana"&amp#27;[22m&amp#27;[39m &amp#27;[90m# hellocucumber.steps.CommonSteps.kayttajalle_naytetaan_viesti(java.lang.String)&amp#27;[39m
]]></system-out>
  </testcase>
  <testcase name="Sisaankirjautuminen - Kirjautuminen kayttajatunnuksella ja salasanalla - Examples - Example #1.11" classname="RunCucumberTest" time="0.016">
    <system-out><![CDATA[
&amp#27;[1mScenario Outline:&amp#27;[22m Kirjautuminen kayttajatunnuksella ja salasanalla             &amp#27;[90m# classpath:hellocucumber/login.feature:23&amp#27;[39m
  &amp#27;[32m✔&amp#27;[39m &amp#27;[32m&amp#27;[1mGiven &amp#27;[22mkayttaja on kirjautumissivulla&amp#27;[39m                                       &amp#27;[90m# hellocucumber.steps.LoginSteps.kayttaja_on_kirjautumissivulla()&amp#27;[39m
  &amp#27;[32m✔&amp#27;[39m &amp#27;[32m&amp#27;[1mWhen &amp#27;[22mkayttaja kirjoittaa &amp#27;[1m""&amp#27;[22m ja &amp#27;[1m"ananas"&amp#27;[22m&amp#27;[39m                                    &amp#27;[90m# hellocucumber.steps.LoginSteps.kayttaja_kirjoittaa_ja(java.lang.String,java.lang.String)&amp#27;[39m
  &amp#27;[32m✔&amp#27;[39m &amp#27;[32m&amp#27;[1mAnd &amp#27;[22mkayttaja klikkaa kirjautumispainiketta&amp#27;[39m                                 &amp#27;[90m# hellocucumber.steps.LoginSteps.kayttaja_klikkaa_kirjautumispainiketta()&amp#27;[39m
  &amp#27;[32m✔&amp#27;[39m &amp#27;[32m&amp#27;[1mThen &amp#27;[22mkayttajalle naytetaan viesti &amp#27;[1m"Virheellinen kayttajanimi tai salasana"&amp#27;[22m&amp#27;[39m &amp#27;[90m# hellocucumber.steps.CommonSteps.kayttajalle_naytetaan_viesti(java.lang.String)&amp#27;[39m
]]></system-out>
  </testcase>
  <testcase name="Rekisteroityminen - Rekisteroityminen - Examples - Example #1.1" classname="RunCucumberTest" time="0.025">
    <system-out><![CDATA[
&amp#27;[1mScenario Outline:&amp#27;[22m Rekisteroityminen                                                            &amp#27;[90m# classpath:hellocucumber/rekisterointi.feature:13&amp#27;[39m
  &amp#27;[32m✔&amp#27;[39m &amp#27;[32m&amp#27;[1mGiven &amp#27;[22mkayttaja on rekisteroitymissivulla&amp#27;[39m                                                   &amp#27;[90m# hellocucumber.steps.RekisterointiSteps.kayttaja_on_rekisteroitymissivulla()&amp#27;[39m
  &amp#27;[32m✔&amp#27;[39m &amp#27;[32m&amp#27;[1mWhen &amp#27;[22mkayttaja syottaa &amp#27;[1m"Matti Meikalainen"&amp#27;[22m, &amp#27;[1m"Testikatu 1"&amp#27;[22m, &amp#27;[1m"matti@testi.fi"&amp#27;[22m ja &amp#27;[1m"0401234567"&amp#27;[22m&amp#27;[39m &amp#27;[90m# hellocucumber.steps.RekisterointiSteps.kayttaja_syottaa_ja(java.lang.String,java.lang.String,java.lang.String,java.lang.String)&amp#27;[39m
  &amp#27;[32m✔&amp#27;[39m &amp#27;[32m&amp#27;[1mAnd &amp#27;[22mkayttaja painaa rekisterointipainiketta&amp#27;[39m                                                &amp#27;[90m# hellocucumber.steps.RekisterointiSteps.kayttaja_painaa_rekisterointipainiketta()&amp#27;[39m
  &amp#27;[32m✔&amp#27;[39m &amp#27;[32m&amp#27;[1mThen &amp#27;[22mkayttajalle naytetaan viesti &amp#27;[1m"Rekisteroityminen onnistui"&amp#27;[22m&amp#27;[39m                             &amp#27;[90m# hellocucumber.steps.CommonSteps.kayttajalle_naytetaan_viesti(java.lang.String)&amp#27;[39m
]]></system-out>
  </testcase>
  <testcase name="Rekisteroityminen - Rekisteroityminen - Examples - Example #1.2" classname="RunCucumberTest" time="0.014">
    <system-out><![CDATA[
&amp#27;[1mScenario Outline:&amp#27;[22m Rekisteroityminen                                                   &amp#27;[90m# classpath:hellocucumber/rekisterointi.feature:14&amp#27;[39m
  &amp#27;[32m✔&amp#27;[39m &amp#27;[32m&amp#27;[1mGiven &amp#27;[22mkayttaja on rekisteroitymissivulla&amp#27;[39m                                          &amp#27;[90m# hellocucumber.steps.RekisterointiSteps.kayttaja_on_rekisteroitymissivulla()&amp#27;[39m
  &amp#27;[32m✔&amp#27;[39m &amp#27;[32m&amp#27;[1mWhen &amp#27;[22mkayttaja syottaa &amp#27;[1m"Liisa Esimerkki"&amp#27;[22m, &amp#27;[1m"Esimerkkitie 5"&amp#27;[22m, &amp#27;[1m"liisa@testi.fi"&amp#27;[22m ja &amp#27;[1m""&amp#27;[22m&amp#27;[39m &amp#27;[90m# hellocucumber.steps.RekisterointiSteps.kayttaja_syottaa_ja(java.lang.String,java.lang.String,java.lang.String,java.lang.String)&amp#27;[39m
  &amp#27;[32m✔&amp#27;[39m &amp#27;[32m&amp#27;[1mAnd &amp#27;[22mkayttaja painaa rekisterointipainiketta&amp#27;[39m                                       &amp#27;[90m# hellocucumber.steps.RekisterointiSteps.kayttaja_painaa_rekisterointipainiketta()&amp#27;[39m
  &amp#27;[32m✔&amp#27;[39m &amp#27;[32m&amp#27;[1mThen &amp#27;[22mkayttajalle naytetaan viesti &amp#27;[1m"Tayta puhelinnumero"&amp#27;[22m&amp#27;[39m                           &amp#27;[90m# hellocucumber.steps.CommonSteps.kayttajalle_naytetaan_viesti(java.lang.String)&amp#27;[39m
]]></system-out>
  </testcase>
  <testcase name="Rekisteroityminen - Rekisteroityminen - Examples - Example #1.3" classname="RunCucumberTest" time="0.012">
    <system-out><![CDATA[
&amp#27;[1mScenario Outline:&amp#27;[22m Rekisteroityminen                                                           &amp#27;[90m# classpath:hellocucumber/rekisterointi.feature:15&amp#27;[39m
  &amp#27;[32m✔&amp#27;[39m &amp#27;[32m&amp#27;[1mGiven &amp#27;[22mkayttaja on rekisteroitymissivulla&amp#27;[39m                                                  &amp#27;[90m# hellocucumber.steps.RekisterointiSteps.kayttaja_on_rekisteroitymissivulla()&amp#27;[39m
  &amp#27;[32m✔&amp#27;[39m &amp#27;[32m&amp#27;[1mWhen &amp#27;[22mkayttaja syottaa &amp#27;[1m"Kari Koodari"&amp#27;[22m, &amp#27;[1m"Koodipolku 3"&amp#27;[22m, &amp#27;[1m"karik@example.com"&amp#27;[22m ja &amp#27;[1m"0507654321"&amp#27;[22m&amp#27;[39m &amp#27;[90m# hellocucumber.steps.RekisterointiSteps.kayttaja_syottaa_ja(java.lang.String,java.lang.String,java.lang.String,java.lang.String)&amp#27;[39m
  &amp#27;[32m✔&amp#27;[39m &amp#27;[32m&amp#27;[1mAnd &amp#27;[22mkayttaja painaa rekisterointipainiketta&amp#27;[39m                                               &amp#27;[90m# hellocucumber.steps.RekisterointiSteps.kayttaja_painaa_rekisterointipainiketta()&amp#27;[39m
  &amp#27;[32m✔&amp#27;[39m &amp#27;[32m&amp#27;[1mThen &amp#27;[22mkayttajalle naytetaan viesti &amp#27;[1m"Rekisteroityminen onnistui"&amp#27;[22m&amp#27;[39m                            &amp#27;[90m# hellocucumber.steps.CommonSteps.kayttajalle_naytetaan_viesti(java.lang.String)&amp#27;[39m
]]></system-out>
  </testcase>
  <testcase name="Rekisteroityminen - Rekisteroityminen - Examples - Example #1.4" classname="RunCucumberTest" time="0.012">
    <system-out><![CDATA[
&amp#27;[1mScenario Outline:&amp#27;[22m Rekisteroityminen                                                        &amp#27;[90m# classpath:hellocucumber/rekisterointi.feature:16&amp#27;[39m
  &amp#27;[32m✔&amp#27;[39m &amp#27;[32m&amp#27;[1mGiven &amp#27;[22mkayttaja on rekisteroitymissivulla&amp#27;[39m                                               &amp#27;[90m# hellocucumber.steps.RekisterointiSteps.kayttaja_on_rekisteroitymissivulla()&amp#27;[39m
  &amp#27;[32m✔&amp#27;[39m &amp#27;[32m&amp#27;[1mWhen &amp#27;[22mkayttaja syottaa &amp#27;[1m"Minna Malli"&amp#27;[22m, &amp#27;[1m"Mallitie 10"&amp#27;[22m, &amp#27;[1m"vaara-sahkoposti"&amp#27;[22m ja &amp#27;[1m"0415552222"&amp#27;[22m&amp#27;[39m &amp#27;[90m# hellocucumber.steps.RekisterointiSteps.kayttaja_syottaa_ja(java.lang.String,java.lang.String,java.lang.String,java.lang.String)&amp#27;[39m
  &amp#27;[32m✔&amp#27;[39m &amp#27;[32m&amp#27;[1mAnd &amp#27;[22mkayttaja painaa rekisterointipainiketta&amp#27;[39m                                            &amp#27;[90m# hellocucumber.steps.RekisterointiSteps.kayttaja_painaa_rekisterointipainiketta()&amp#27;[39m
  &amp#27;[32m✔&amp#27;[39m &amp#27;[32m&amp#27;[1mThen &amp#27;[22mkayttajalle naytetaan viesti &amp#27;[1m"Sahkopostiosoite ei kelpaa"&amp#27;[22m&amp#27;[39m                         &amp#27;[90m# hellocucumber.steps.CommonSteps.kayttajalle_naytetaan_viesti(java.lang.String)&amp#27;[39m
]]></system-out>
  </testcase>
  <testcase name="Rekisteroityminen - Rekisteroityminen - Examples - Example #1.5" classname="RunCucumberTest" time="0.013">
    <system-out><![CDATA[
&amp#27;[1mScenario Outline:&amp#27;[22m Rekisteroityminen                                                                   &amp#27;[90m# classpath:hellocucumber/rekisterointi.feature:17&amp#27;[39m
  &amp#27;[32m✔&amp#27;[39m &amp#27;[32m&amp#27;[1mGiven &amp#27;[22mkayttaja on rekisteroitymissivulla&amp#27;[39m                                                          &amp#27;[90m# hellocucumber.steps.RekisterointiSteps.kayttaja_on_rekisteroitymissivulla()&amp#27;[39m
  &amp#27;[32m✔&amp#27;[39m &amp#27;[32m&amp#27;[1mWhen &amp#27;[22mkayttaja syottaa &amp#27;[1m"Testi Testaaja"&amp#27;[22m, &amp#27;[1m"Testikatu 8"&amp#27;[22m, &amp#27;[1m"testi@testi.fi"&amp#27;[22m ja &amp#27;[1m"LiianPitkaNumero9999"&amp#27;[22m&amp#27;[39m &amp#27;[90m# hellocucumber.steps.RekisterointiSteps.kayttaja_syottaa_ja(java.lang.String,java.lang.String,java.lang.String,java.lang.String)&amp#27;[39m
  &amp#27;[32m✔&amp#27;[39m &amp#27;[32m&amp#27;[1mAnd &amp#27;[22mkayttaja painaa rekisterointipainiketta&amp#27;[39m                                                       &amp#27;[90m# hellocucumber.steps.RekisterointiSteps.kayttaja_painaa_rekisterointipainiketta()&amp#27;[39m
  &amp#27;[32m✔&amp#27;[39m &amp#27;[32m&amp#27;[1mThen &amp#27;[22mkayttajalle naytetaan viesti &amp#27;[1m"Puhelinnumero ei kelpaa"&amp#27;[22m&amp#27;[39m                                       &amp#27;[90m# hellocucumber.steps.CommonSteps.kayttajalle_naytetaan_viesti(java.lang.String)&amp#27;[39m
]]></system-out>
  </testcase>
  <testcase name="Rekisteroityminen - Rekisteroityminen - Examples - Example #1.6" classname="RunCucumberTest" time="0.017">
    <system-out><![CDATA[
&amp#27;[1mScenario Outline:&amp#27;[22m Rekisteroityminen                                        &amp#27;[90m# classpath:hellocucumber/rekisterointi.feature:18&amp#27;[39m
  &amp#27;[32m✔&amp#27;[39m &amp#27;[32m&amp#27;[1mGiven &amp#27;[22mkayttaja on rekisteroitymissivulla&amp#27;[39m                               &amp#27;[90m# hellocucumber.steps.RekisterointiSteps.kayttaja_on_rekisteroitymissivulla()&amp#27;[39m
  &amp#27;[32m✔&amp#27;[39m &amp#27;[32m&amp#27;[1mWhen &amp#27;[22mkayttaja syottaa &amp#27;[1m"Uusi Kayttaja"&amp#27;[22m, &amp#27;[1m"Katu 9"&amp#27;[22m, &amp#27;[1m"uusi@testi.fi"&amp#27;[22m ja &amp#27;[1m""&amp#27;[22m&amp#27;[39m &amp#27;[90m# hellocucumber.steps.RekisterointiSteps.kayttaja_syottaa_ja(java.lang.String,java.lang.String,java.lang.String,java.lang.String)&amp#27;[39m
  &amp#27;[32m✔&amp#27;[39m &amp#27;[32m&amp#27;[1mAnd &amp#27;[22mkayttaja painaa rekisterointipainiketta&amp#27;[39m                            &amp#27;[90m# hellocucumber.steps.RekisterointiSteps.kayttaja_painaa_rekisterointipainiketta()&amp#27;[39m
  &amp#27;[32m✔&amp#27;[39m &amp#27;[32m&amp#27;[1mThen &amp#27;[22mkayttajalle naytetaan viesti &amp#27;[1m"Tayta puhelinnumero"&amp#27;[22m&amp#27;[39m                &amp#27;[90m# hellocucumber.steps.CommonSteps.kayttajalle_naytetaan_viesti(java.lang.String)&amp#27;[39m
]]></system-out>
  </testcase>
  <testcase name="Huonevaraus - uuden varauksen tekeminen - Examples - Example #1.1" classname="RunCucumberTest" time="0.023">
    <system-out><![CDATA[
&amp#27;[1mScenario Outline:&amp#27;[22m uuden varauksen tekeminen                                                             &amp#27;[90m# classpath:hellocucumber/varaus.feature:13&amp#27;[39m
  &amp#27;[32m✔&amp#27;[39m &amp#27;[32m&amp#27;[1mGiven &amp#27;[22mkayttaja on varaussivulla&amp#27;[39m                                                                     &amp#27;[90m# hellocucumber.steps.VarausSteps.kayttaja_on_varaussivulla()&amp#27;[39m
  &amp#27;[32m✔&amp#27;[39m &amp#27;[32m&amp#27;[1mWhen &amp#27;[22mkayttaja valitsee &amp#27;[1m"A101"&amp#27;[22m ja varauksen &amp#27;[1m"10:00-11:00"&amp#27;[22m&amp#27;[39m                                            &amp#27;[90m# hellocucumber.steps.VarausSteps.kayttaja_valitsee_ja_varauksen(java.lang.String,java.lang.String)&amp#27;[39m
  &amp#27;[32m✔&amp#27;[39m &amp#27;[32m&amp#27;[1mAnd &amp#27;[22m&amp#27;[1m"A101"&amp#27;[22m on &amp#27;[1m"vapaa"&amp#27;[22m kayttajan valitsemana aikana &amp#27;[1m"10:00-11:00"&amp#27;[22m, kayttaja klikkaa varauspainiketta&amp#27;[39m &amp#27;[90m# hellocucumber.steps.VarausSteps.huone_on_tilassa(java.lang.String,java.lang.String,java.lang.String)&amp#27;[39m
  &amp#27;[32m✔&amp#27;[39m &amp#27;[32m&amp#27;[1mThen &amp#27;[22mkayttajalle naytetaan viesti &amp#27;[1m"Varaus onnistui"&amp#27;[22m&amp#27;[39m                                                 &amp#27;[90m# hellocucumber.steps.CommonSteps.kayttajalle_naytetaan_viesti(java.lang.String)&amp#27;[39m
]]></system-out>
  </testcase>
  <testcase name="Huonevaraus - uuden varauksen tekeminen - Examples - Example #1.2" classname="RunCucumberTest" time="0.011">
    <system-out><![CDATA[
&amp#27;[1mScenario Outline:&amp#27;[22m uuden varauksen tekeminen                                                               &amp#27;[90m# classpath:hellocucumber/varaus.feature:14&amp#27;[39m
  &amp#27;[32m✔&amp#27;[39m &amp#27;[32m&amp#27;[1mGiven &amp#27;[22mkayttaja on varaussivulla&amp#27;[39m                                                                       &amp#27;[90m# hellocucumber.steps.VarausSteps.kayttaja_on_varaussivulla()&amp#27;[39m
  &amp#27;[32m✔&amp#27;[39m &amp#27;[32m&amp#27;[1mWhen &amp#27;[22mkayttaja valitsee &amp#27;[1m"A101"&amp#27;[22m ja varauksen &amp#27;[1m"10:00-11:00"&amp#27;[22m&amp#27;[39m                                              &amp#27;[90m# hellocucumber.steps.VarausSteps.kayttaja_valitsee_ja_varauksen(java.lang.String,java.lang.String)&amp#27;[39m
  &amp#27;[32m✔&amp#27;[39m &amp#27;[32m&amp#27;[1mAnd &amp#27;[22m&amp#27;[1m"A101"&amp#27;[22m on &amp#27;[1m"varattu"&amp#27;[22m kayttajan valitsemana aikana &amp#27;[1m"10:00-11:00"&amp#27;[22m, kayttaja klikkaa varauspainiketta&amp#27;[39m &amp#27;[90m# hellocucumber.steps.VarausSteps.huone_on_tilassa(java.lang.String,java.lang.String,java.lang.String)&amp#27;[39m
  &amp#27;[32m✔&amp#27;[39m &amp#27;[32m&amp#27;[1mThen &amp#27;[22mkayttajalle naytetaan viesti &amp#27;[1m"Huone ei ole vapaa"&amp#27;[22m&amp#27;[39m                                                &amp#27;[90m# hellocucumber.steps.CommonSteps.kayttajalle_naytetaan_viesti(java.lang.String)&amp#27;[39m
]]></system-out>
  </testcase>
  <testcase name="Huonevaraus - Varaus epaonnistuu puuttuvan valinnan takia - Examples - Example #1.1" classname="RunCucumberTest" time="0.01">
    <system-out><![CDATA[
&amp#27;[1mScenario Outline:&amp#27;[22m Varaus epaonnistuu puuttuvan valinnan takia   &amp#27;[90m# classpath:hellocucumber/varaus.feature:24&amp#27;[39m
  &amp#27;[32m✔&amp#27;[39m &amp#27;[32m&amp#27;[1mGiven &amp#27;[22mkayttaja on varaussivulla&amp#27;[39m                             &amp#27;[90m# hellocucumber.steps.VarausSteps.kayttaja_on_varaussivulla()&amp#27;[39m
  &amp#27;[32m✔&amp#27;[39m &amp#27;[32m&amp#27;[1mWhen &amp#27;[22mkayttaja valitsee &amp#27;[1m"A101"&amp#27;[22m&amp#27;[39m                               &amp#27;[90m# hellocucumber.steps.VarausSteps.kayttaja_valitsee_arvon(java.lang.String)&amp#27;[39m
  &amp#27;[32m✔&amp#27;[39m &amp#27;[32m&amp#27;[1mAnd &amp#27;[22mkayttajalta jaa valitsematta &amp#27;[1m"aika"&amp#27;[22m&amp#27;[39m                     &amp#27;[90m# hellocucumber.steps.VarausSteps.kayttajalta_jaa_valitsematta(java.lang.String)&amp#27;[39m
  &amp#27;[32m✔&amp#27;[39m &amp#27;[32m&amp#27;[1mThen &amp#27;[22mkayttajalle naytetaan viesti &amp#27;[1m"Valitse varausajankohta"&amp#27;[22m&amp#27;[39m &amp#27;[90m# hellocucumber.steps.CommonSteps.kayttajalle_naytetaan_viesti(java.lang.String)&amp#27;[39m
]]></system-out>
  </testcase>
  <testcase name="Huonevaraus - Varaus epaonnistuu puuttuvan valinnan takia - Examples - Example #1.2" classname="RunCucumberTest" time="0.01">
    <system-out><![CDATA[
&amp#27;[1mScenario Outline:&amp#27;[22m Varaus epaonnistuu puuttuvan valinnan takia &amp#27;[90m# classpath:hellocucumber/varaus.feature:25&amp#27;[39m
  &amp#27;[32m✔&amp#27;[39m &amp#27;[32m&amp#27;[1mGiven &amp#27;[22mkayttaja on varaussivulla&amp#27;[39m                           &amp#27;[90m# hellocucumber.steps.VarausSteps.kayttaja_on_varaussivulla()&amp#27;[39m
  &amp#27;[32m✔&amp#27;[39m &amp#27;[32m&amp#27;[1mWhen &amp#27;[22mkayttaja valitsee &amp#27;[1m"10:00c11:00"&amp#27;[22m&amp#27;[39m                      &amp#27;[90m# hellocucumber.steps.VarausSteps.kayttaja_valitsee_arvon(java.lang.String)&amp#27;[39m
  &amp#27;[32m✔&amp#27;[39m &amp#27;[32m&amp#27;[1mAnd &amp#27;[22mkayttajalta jaa valitsematta &amp#27;[1m"huone"&amp#27;[22m&amp#27;[39m                  &amp#27;[90m# hellocucumber.steps.VarausSteps.kayttajalta_jaa_valitsematta(java.lang.String)&amp#27;[39m
  &amp#27;[32m✔&amp#27;[39m &amp#27;[32m&amp#27;[1mThen &amp#27;[22mkayttajalle naytetaan viesti &amp#27;[1m"Valitse huone"&amp#27;[22m&amp#27;[39m         &amp#27;[90m# hellocucumber.steps.CommonSteps.kayttajalle_naytetaan_viesti(java.lang.String)&amp#27;[39m
]]></system-out>
  </testcase>
  <testcase name="Huonevaraus - Varaus epaonnistuu puuttuvan valinnan takia - Examples - Example #1.3" classname="RunCucumberTest" time="0.027">
    <system-out><![CDATA[
&amp#27;[1mScenario Outline:&amp#27;[22m Varaus epaonnistuu puuttuvan valinnan takia            &amp#27;[90m# classpath:hellocucumber/varaus.feature:26&amp#27;[39m
  &amp#27;[32m✔&amp#27;[39m &amp#27;[32m&amp#27;[1mGiven &amp#27;[22mkayttaja on varaussivulla&amp#27;[39m                                      &amp#27;[90m# hellocucumber.steps.VarausSteps.kayttaja_on_varaussivulla()&amp#27;[39m
  &amp#27;[32m✔&amp#27;[39m &amp#27;[32m&amp#27;[1mWhen &amp#27;[22mkayttaja valitsee &amp#27;[1m""&amp#27;[22m&amp#27;[39m                                            &amp#27;[90m# hellocucumber.steps.VarausSteps.kayttaja_valitsee_arvon(java.lang.String)&amp#27;[39m
  &amp#27;[32m✔&amp#27;[39m &amp#27;[32m&amp#27;[1mAnd &amp#27;[22mkayttajalta jaa valitsematta &amp#27;[1m"molemmat"&amp#27;[22m&amp#27;[39m                          &amp#27;[90m# hellocucumber.steps.VarausSteps.kayttajalta_jaa_valitsematta(java.lang.String)&amp#27;[39m
  &amp#27;[32m✔&amp#27;[39m &amp#27;[32m&amp#27;[1mThen &amp#27;[22mkayttajalle naytetaan viesti &amp#27;[1m"Valitse huone ja varausajankohta"&amp#27;[22m&amp#27;[39m &amp#27;[90m# hellocucumber.steps.CommonSteps.kayttajalle_naytetaan_viesti(java.lang.String)&amp#27;[39m
]]></system-out>
  </testcase>
  <testcase name="Huonevaraus - Varauksen peruminen - Examples - Example #1.1" classname="RunCucumberTest" time="0.017">
    <system-out><![CDATA[
&amp#27;[1mScenario Outline:&amp#27;[22m Varauksen peruminen                                       &amp#27;[90m# classpath:hellocucumber/varaus.feature:36&amp#27;[39m
  &amp#27;[32m✔&amp#27;[39m &amp#27;[32m&amp#27;[1mGiven &amp#27;[22mkayttaja on varaussivulla&amp#27;[39m                                         &amp#27;[90m# hellocucumber.steps.VarausSteps.kayttaja_on_varaussivulla()&amp#27;[39m
  &amp#27;[32m✔&amp#27;[39m &amp#27;[32m&amp#27;[1mWhen &amp#27;[22mkayttaja valitsee peruttavan varauksen &amp#27;[1m"Kokoushuone A 09:00-10:00"&amp#27;[22m&amp#27;[39m &amp#27;[90m# hellocucumber.steps.VarausSteps.kayttaja_valitsee_peruttavan_varauksen(java.lang.String)&amp#27;[39m
  &amp#27;[32m✔&amp#27;[39m &amp#27;[32m&amp#27;[1mAnd &amp#27;[22mkayttaja klikkaa peruutuspainiketta&amp#27;[39m                                 &amp#27;[90m# hellocucumber.steps.VarausSteps.kayttaja_klikkaa_peruutuspainiketta()&amp#27;[39m
  &amp#27;[32m✔&amp#27;[39m &amp#27;[32m&amp#27;[1mThen &amp#27;[22mkayttajalle naytetaan viesti &amp#27;[1m"Varaus peruttu onnistuneesti"&amp#27;[22m&amp#27;[39m        &amp#27;[90m# hellocucumber.steps.CommonSteps.kayttajalle_naytetaan_viesti(java.lang.String)&amp#27;[39m
]]></system-out>
  </testcase>
  <testcase name="Huonevaraus - Varauksen peruminen - Examples - Example #1.2" classname="RunCucumberTest" time="0.011">
    <system-out><![CDATA[
&amp#27;[1mScenario Outline:&amp#27;[22m Varauksen peruminen                                       &amp#27;[90m# classpath:hellocucumber/varaus.feature:37&amp#27;[39m
  &amp#27;[32m✔&amp#27;[39m &amp#27;[32m&amp#27;[1mGiven &amp#27;[22mkayttaja on varaussivulla&amp#27;[39m                                         &amp#27;[90m# hellocucumber.steps.VarausSteps.kayttaja_on_varaussivulla()&amp#27;[39m
  &amp#27;[32m✔&amp#27;[39m &amp#27;[32m&amp#27;[1mWhen &amp#27;[22mkayttaja valitsee peruttavan varauksen &amp#27;[1m"Kokoushuone B 11:00-12:00"&amp#27;[22m&amp#27;[39m &amp#27;[90m# hellocucumber.steps.VarausSteps.kayttaja_valitsee_peruttavan_varauksen(java.lang.String)&amp#27;[39m
  &amp#27;[32m✔&amp#27;[39m &amp#27;[32m&amp#27;[1mAnd &amp#27;[22mkayttaja klikkaa peruutuspainiketta&amp#27;[39m                                 &amp#27;[90m# hellocucumber.steps.VarausSteps.kayttaja_klikkaa_peruutuspainiketta()&amp#27;[39m
  &amp#27;[32m✔&amp#27;[39m &amp#27;[32m&amp#27;[1mThen &amp#27;[22mkayttajalle naytetaan viesti &amp#27;[1m"Varaus peruttu onnistuneesti"&amp#27;[22m&amp#27;[39m        &amp#27;[90m# hellocucumber.steps.CommonSteps.kayttajalle_naytetaan_viesti(java.lang.String)&amp#27;[39m
]]></system-out>
  </testcase>
  <testcase name="Huonevaraus - Varauksen peruminen - Examples - Example #1.3" classname="RunCucumberTest" time="0.015">
    <system-out><![CDATA[
&amp#27;[1mScenario Outline:&amp#27;[22m Varauksen peruminen                                                           &amp#27;[90m# classpath:hellocucumber/varaus.feature:38&amp#27;[39m
  &amp#27;[32m✔&amp#27;[39m &amp#27;[32m&amp#27;[1mGiven &amp#27;[22mkayttaja on varaussivulla&amp#27;[39m                                                             &amp#27;[90m# hellocucumber.steps.VarausSteps.kayttaja_on_varaussivulla()&amp#27;[39m
  &amp#27;[32m✔&amp#27;[39m &amp#27;[32m&amp#27;[1mWhen &amp#27;[22mkayttaja valitsee peruttavan varauksen &amp#27;[1m"Auditorio 13:00-14:00 (jo alkanut)"&amp#27;[22m&amp#27;[39m            &amp#27;[90m# hellocucumber.steps.VarausSteps.kayttaja_valitsee_peruttavan_varauksen(java.lang.String)&amp#27;[39m
  &amp#27;[32m✔&amp#27;[39m &amp#27;[32m&amp#27;[1mAnd &amp#27;[22mkayttaja klikkaa peruutuspainiketta&amp#27;[39m                                                     &amp#27;[90m# hellocucumber.steps.VarausSteps.kayttaja_klikkaa_peruutuspainiketta()&amp#27;[39m
  &amp#27;[32m✔&amp#27;[39m &amp#27;[32m&amp#27;[1mThen &amp#27;[22mkayttajalle naytetaan viesti &amp#27;[1m"Menneisyyden tai kaynnissa olevaa varausta ei voi perua"&amp#27;[22m&amp#27;[39m &amp#27;[90m# hellocucumber.steps.CommonSteps.kayttajalle_naytetaan_viesti(java.lang.String)&amp#27;[39m
]]></system-out>
  </testcase>
  <testcase name="Huonevaraus - Varauksen peruminen - Examples - Example #1.4" classname="RunCucumberTest" time="0.01">
    <system-out><![CDATA[
&amp#27;[1mScenario Outline:&amp#27;[22m Varauksen peruminen                                       &amp#27;[90m# classpath:hellocucumber/varaus.feature:39&amp#27;[39m
  &amp#27;[32m✔&amp#27;[39m &amp#27;[32m&amp#27;[1mGiven &amp#27;[22mkayttaja on varaussivulla&amp#27;[39m                                         &amp#27;[90m# hellocucumber.steps.VarausSteps.kayttaja_on_varaussivulla()&amp#27;[39m
  &amp#27;[32m✔&amp#27;[39m &amp#27;[32m&amp#27;[1mWhen &amp#27;[22mkayttaja valitsee peruttavan varauksen &amp#27;[1m"Kokoushuone C 15:00-16:00"&amp#27;[22m&amp#27;[39m &amp#27;[90m# hellocucumber.steps.VarausSteps.kayttaja_valitsee_peruttavan_varauksen(java.lang.String)&amp#27;[39m
  &amp#27;[32m✔&amp#27;[39m &amp#27;[32m&amp#27;[1mAnd &amp#27;[22mkayttaja klikkaa peruutuspainiketta&amp#27;[39m                                 &amp#27;[90m# hellocucumber.steps.VarausSteps.kayttaja_klikkaa_peruutuspainiketta()&amp#27;[39m
  &amp#27;[32m✔&amp#27;[39m &amp#27;[32m&amp#27;[1mThen &amp#27;[22mkayttajalle naytetaan viesti &amp#27;[1m"Varaus peruttu onnistuneesti"&amp#27;[22m&amp#27;[39m        &amp#27;[90m# hellocucumber.steps.CommonSteps.kayttajalle_naytetaan_viesti(java.lang.String)&amp#27;[39m
]]></system-out>
  </testcase>
</testsuite>